Determining if the pthread_create exist failed with the following output:
Change Dir: /home/anton/catkin_ws/build/CMakeFiles/CMakeTmp

Run Build Command:"/usr/bin/make" "cmTC_40bea/fast"
/usr/bin/make -f CMakeFiles/cmTC_40bea.dir/build.make CMakeFiles/cmTC_40bea.dir/build
make[1]: Entering directory '/home/anton/catkin_ws/build/CMakeFiles/CMakeTmp'
Building C object CMakeFiles/cmTC_40bea.dir/CheckSymbolExists.c.o
/usr/bin/cc    -o CMakeFiles/cmTC_40bea.dir/CheckSymbolExists.c.o   -c /home/anton/catkin_ws/build/CMakeFiles/CMakeTmp/CheckSymbolExists.c
Linking C executable cmTC_40bea
/usr/bin/cmake -E cmake_link_script CMakeFiles/cmTC_40bea.dir/link.txt --verbose=1
/usr/bin/cc      -rdynamic CMakeFiles/cmTC_40bea.dir/CheckSymbolExists.c.o  -o cmTC_40bea 
CMakeFiles/cmTC_40bea.dir/CheckSymbolExists.c.o: In function `main':
CheckSymbolExists.c:(.text+0x1b): undefined reference to `pthread_create'
collect2: error: ld returned 1 exit status
CMakeFiles/cmTC_40bea.dir/build.make:97: recipe for target 'cmTC_40bea' failed
make[1]: *** [cmTC_40bea] Error 1
make[1]: Leaving directory '/home/anton/catkin_ws/build/CMakeFiles/CMakeTmp'
Makefile:126: recipe for target 'cmTC_40bea/fast' failed
make: *** [cmTC_40bea/fast] Error 2

File /home/anton/catkin_ws/build/CMakeFiles/CMakeTmp/CheckSymbolExists.c:
/* */
#include <pthread.h>

int main(int argc, char** argv)
{
  (void)argv;
#ifndef pthread_create
  return ((int*)(&pthread_create))[argc];
#else
  (void)argc;
  return 0;
#endif
}

Determining if the function pthread_create exists in the pthreads failed with the following output:
Change Dir: /home/anton/catkin_ws/build/CMakeFiles/CMakeTmp

Run Build Command:"/usr/bin/make" "cmTC_ac93e/fast"
/usr/bin/make -f CMakeFiles/cmTC_ac93e.dir/build.make CMakeFiles/cmTC_ac93e.dir/build
make[1]: Entering directory '/home/anton/catkin_ws/build/CMakeFiles/CMakeTmp'
Building C object CMakeFiles/cmTC_ac93e.dir/CheckFunctionExists.c.o
/usr/bin/cc   -DCHECK_FUNCTION_EXISTS=pthread_create   -o CMakeFiles/cmTC_ac93e.dir/CheckFunctionExists.c.o   -c /usr/share/cmake-3.10/Modules/CheckFunctionExists.c
Linking C executable cmTC_ac93e
/usr/bin/cmake -E cmake_link_script CMakeFiles/cmTC_ac93e.dir/link.txt --verbose=1
/usr/bin/cc  -DCHECK_FUNCTION_EXISTS=pthread_create    -rdynamic CMakeFiles/cmTC_ac93e.dir/CheckFunctionExists.c.o  -o cmTC_ac93e -lpthreads 
/usr/bin/ld: cannot find -lpthreads
collect2: error: ld returned 1 exit status
CMakeFiles/cmTC_ac93e.dir/build.make:97: recipe for target 'cmTC_ac93e' failed
make[1]: *** [cmTC_ac93e] Error 1
make[1]: Leaving directory '/home/anton/catkin_ws/build/CMakeFiles/CMakeTmp'
Makefile:126: recipe for target 'cmTC_ac93e/fast' failed
make: *** [cmTC_ac93e/fast] Error 2


